[2023-12-06 11:19:02 INFO  main] [com.green.greengram3.Greengram3ApplicationTests] Starting Greengram3ApplicationTests using Java 17.0.9 with PID 5700 (started by Administrator in D:\spring\greengram3)
[2023-12-06 11:19:02 INFO  main] [com.green.greengram3.Greengram3ApplicationTests] No active profile set, falling back to 1 default profile: "default"
[2023-12-06 11:19:03 INFO  main] [org.springframework.boot.autoconfigure.web.servlet.WelcomePageHandlerMapping] Adding welcome page: class path resource [static/index.html]
[2023-12-06 11:19:03 INFO  main] [com.green.greengram3.Greengram3ApplicationTests] Started Greengram3ApplicationTests in 1.548 seconds (process running for 2.142)
[2023-12-06 12:09:14 INFO  main] [com.green.greengram3.Greengram3ApplicationTests] Starting Greengram3ApplicationTests using Java 17.0.9 with PID 8532 (started by Administrator in D:\spring\greengram3)
[2023-12-06 12:09:14 INFO  main] [com.green.greengram3.Greengram3ApplicationTests] No active profile set, falling back to 1 default profile: "default"
[2023-12-06 12:09:15 INFO  main] [org.springframework.boot.autoconfigure.web.servlet.WelcomePageHandlerMapping] Adding welcome page: class path resource [static/index.html]
[2023-12-06 12:09:16 INFO  main] [com.green.greengram3.Greengram3ApplicationTests] Started Greengram3ApplicationTests in 1.511 seconds (process running for 2.116)
[2023-12-06 12:11:25 INFO  main] [com.green.greengram3.Greengram3ApplicationTests] Starting Greengram3ApplicationTests using Java 17.0.9 with PID 1288 (started by Administrator in D:\spring\greengram3)
[2023-12-06 12:11:25 INFO  main] [com.green.greengram3.Greengram3ApplicationTests] No active profile set, falling back to 1 default profile: "default"
[2023-12-06 12:11:26 INFO  main] [org.springframework.boot.autoconfigure.web.servlet.WelcomePageHandlerMapping] Adding welcome page: class path resource [static/index.html]
[2023-12-06 12:11:26 INFO  main] [com.green.greengram3.Greengram3ApplicationTests] Started Greengram3ApplicationTests in 1.509 seconds (process running for 2.127)
[2023-12-06 12:13:16 INFO  main] [com.green.greengram3.Greengram3ApplicationTests] Starting Greengram3ApplicationTests using Java 17.0.9 with PID 2836 (started by Administrator in D:\spring\greengram3)
[2023-12-06 12:13:16 INFO  main] [com.green.greengram3.Greengram3ApplicationTests] No active profile set, falling back to 1 default profile: "default"
[2023-12-06 12:13:17 INFO  main] [org.springframework.boot.autoconfigure.web.servlet.WelcomePageHandlerMapping] Adding welcome page: class path resource [static/index.html]
[2023-12-06 12:13:18 INFO  main] [com.green.greengram3.Greengram3ApplicationTests] Started Greengram3ApplicationTests in 1.504 seconds (process running for 2.104)
[2023-12-06 13:00:12 INFO  main] [com.green.greengram3.Greengram3ApplicationTests] Starting Greengram3ApplicationTests using Java 17.0.9 with PID 700 (started by Administrator in D:\spring\greengram3)
[2023-12-06 13:00:12 INFO  main] [com.green.greengram3.Greengram3ApplicationTests] No active profile set, falling back to 1 default profile: "default"
[2023-12-06 13:00:13 INFO  main] [org.springframework.boot.autoconfigure.web.servlet.WelcomePageHandlerMapping] Adding welcome page: class path resource [static/index.html]
[2023-12-06 13:00:14 INFO  main] [com.green.greengram3.Greengram3ApplicationTests] Started Greengram3ApplicationTests in 1.497 seconds (process running for 2.092)
[2023-12-06 13:01:11 [32mINFO [0;39m restartedMain] [com.green.greengram3.Greengram3Application] [36mStarting Greengram3Application using Java 17.0.9 with PID 9004 (D:\spring\greengram3\target\classes started by Administrator in D:\spring\greengram3)[0;39m
[2023-12-06 13:01:11 [32mINFO [0;39m restartedMain] [com.green.greengram3.Greengram3Application] [36mNo active profile set, falling back to 1 default profile: "default"[0;39m
[2023-12-06 13:01:11 [32mINFO [0;39m restartedMain] [org.springframework.boot.devtools.env.DevToolsPropertyDefaultsPostProcessor] [36mDevtools property defaults active! Set 'spring.devtools.add-properties' to 'false' to disable[0;39m
[2023-12-06 13:01:11 [32mINFO [0;39m restartedMain] [org.springframework.boot.devtools.env.DevToolsPropertyDefaultsPostProcessor] [36mFor additional web related logging consider setting the 'logging.level.web' property to 'DEBUG'[0;39m
[2023-12-06 13:01:11 [32mINFO [0;39m restartedMain] [org.springframework.boot.web.embedded.tomcat.TomcatWebServer] [36mTomcat initialized with port 8082 (http)[0;39m
[2023-12-06 13:01:11 [32mINFO [0;39m restartedMain] [org.apache.coyote.http11.Http11NioProtocol] [36mInitializing ProtocolHandler ["http-nio-8082"][0;39m
[2023-12-06 13:01:11 [32mINFO [0;39m restartedMain] [org.apache.catalina.core.StandardService] [36mStarting service [Tomcat][0;39m
[2023-12-06 13:01:11 [32mINFO [0;39m restartedMain] [org.apache.catalina.core.StandardEngine] [36mStarting Servlet engine: [Apache Tomcat/10.1.16][0;39m
[2023-12-06 13:01:12 [32mINFO [0;39m restartedMain] [org.apache.catalina.core.ContainerBase.[Tomcat].[localhost].[/]] [36mInitializing Spring embedded WebApplicationContext[0;39m
[2023-12-06 13:01:12 [32mINFO [0;39m restartedMain] [org.springframework.boot.web.servlet.context.ServletWebServerApplicationContext] [36mRoot WebApplicationContext: initialization completed in 689 ms[0;39m
[2023-12-06 13:01:12 [32mINFO [0;39m restartedMain] [org.springframework.boot.autoconfigure.web.servlet.WelcomePageHandlerMapping] [36mAdding welcome page: class path resource [static/index.html][0;39m
[2023-12-06 13:01:12 [32mINFO [0;39m restartedMain] [org.springframework.boot.devtools.autoconfigure.OptionalLiveReloadServer] [36mLiveReload server is running on port 35729[0;39m
[2023-12-06 13:01:12 [32mINFO [0;39m restartedMain] [org.apache.coyote.http11.Http11NioProtocol] [36mStarting ProtocolHandler ["http-nio-8082"][0;39m
[2023-12-06 13:01:12 [32mINFO [0;39m restartedMain] [org.springframework.boot.web.embedded.tomcat.TomcatWebServer] [36mTomcat started on port 8082 (http) with context path ''[0;39m
[2023-12-06 13:01:12 [32mINFO [0;39m restartedMain] [com.green.greengram3.Greengram3Application] [36mStarted Greengram3Application in 1.507 seconds (process running for 1.878)[0;39m
[2023-12-06 13:01:17 [32mINFO [0;39m http-nio-8082-exec-1] [org.apache.catalina.core.ContainerBase.[Tomcat].[localhost].[/]] [36mInitializing Spring DispatcherServlet 'dispatcherServlet'[0;39m
[2023-12-06 13:01:17 [32mINFO [0;39m http-nio-8082-exec-1] [org.springframework.web.servlet.DispatcherServlet] [36mInitializing Servlet 'dispatcherServlet'[0;39m
[2023-12-06 13:01:17 [32mINFO [0;39m http-nio-8082-exec-1] [org.springframework.web.servlet.DispatcherServlet] [36mCompleted initialization in 0 ms[0;39m
[2023-12-06 13:01:17 [32mINFO [0;39m http-nio-8082-exec-5] [org.springdoc.api.AbstractOpenApiResource] [36mInit duration for springdoc-openapi is: 159 ms[0;39m
[2023-12-06 14:33:48 INFO  main] [com.green.greengram3.Greengram3ApplicationTests] Starting Greengram3ApplicationTests using Java 17.0.9 with PID 9688 (started by Administrator in D:\spring\greengram3)
[2023-12-06 14:33:48 INFO  main] [com.green.greengram3.Greengram3ApplicationTests] No active profile set, falling back to 1 default profile: "default"
[2023-12-06 14:33:49 INFO  main] [org.springframework.boot.autoconfigure.web.servlet.WelcomePageHandlerMapping] Adding welcome page: class path resource [static/index.html]
[2023-12-06 14:33:49 INFO  main] [com.green.greengram3.Greengram3ApplicationTests] Started Greengram3ApplicationTests in 1.549 seconds (process running for 2.166)
